[ 2016-11-03T05:25:49+08:00 ] 89.248.172.16 /
INFO: [ app_init ] --START--
INFO: Run Behavior\BuildLiteBehavior [ RunTime:0.000026s ]
INFO: [ app_init ] --END-- [ RunTime:0.000508s ]
INFO: [ app_begin ] --START--
INFO: Run Behavior\ReadHtmlCacheBehavior [ RunTime:0.000609s ]
INFO: [ app_begin ] --END-- [ RunTime:0.000678s ]
SQL: SHOW COLUMNS FROM `ts_config` [ RunTime:0.0010s ]
SQL: SELECT `name`,`val` FROM `ts_config`  [ RunTime:0.0005s ]

[ 2016-11-03T05:25:50+08:00 ] 89.248.172.16 /index.php?m=Admin&c=Sign&a=login
INFO: [ app_init ] --START--
INFO: Run Behavior\BuildLiteBehavior [ RunTime:0.000019s ]
INFO: [ app_init ] --END-- [ RunTime:0.000365s ]
INFO: [ app_begin ] --START--
INFO: Run Behavior\ReadHtmlCacheBehavior [ RunTime:0.000672s ]
INFO: [ app_begin ] --END-- [ RunTime:0.000756s ]
SQL: SHOW COLUMNS FROM `ts_config` [ RunTime:0.0009s ]
SQL: SELECT `name`,`val` FROM `ts_config`  [ RunTime:0.0002s ]
INFO: [ view_parse ] --START--
INFO: [ template_filter ] --START--
INFO: Run Behavior\ContentReplaceBehavior [ RunTime:0.000075s ]
INFO: [ template_filter ] --END-- [ RunTime:0.000155s ]
INFO: Run Behavior\ParseTemplateBehavior [ RunTime:0.250791s ]
INFO: [ view_parse ] --END-- [ RunTime:0.250877s ]
INFO: [ view_filter ] --START--
INFO: Run Behavior\WriteHtmlCacheBehavior [ RunTime:0.088033s ]
INFO: [ view_filter ] --END-- [ RunTime:0.088113s ]
INFO: [ app_end ] --START--
INFO: Run Behavior\ShowPageTraceBehavior [ RunTime:0.007653s ]
INFO: [ app_end ] --END-- [ RunTime:0.007771s ]

