[ 2016-12-04T05:46:48+08:00 ] 42.156.251.188 /
INFO: [ app_init ] --START--
INFO: Run Behavior\BuildLiteBehavior [ RunTime:0.000020s ]
INFO: [ app_init ] --END-- [ RunTime:0.000374s ]
INFO: [ app_begin ] --START--
INFO: Run Behavior\ReadHtmlCacheBehavior [ RunTime:0.000450s ]
INFO: [ app_begin ] --END-- [ RunTime:0.000505s ]
SQL: SHOW COLUMNS FROM `ts_config` [ RunTime:0.0009s ]
SQL: SELECT `name`,`val` FROM `ts_config`  [ RunTime:0.0003s ]

[ 2016-12-04T08:17:31+08:00 ] 113.108.10.31 /
INFO: [ app_init ] --START--
INFO: Run Behavior\BuildLiteBehavior [ RunTime:0.000028s ]
INFO: [ app_init ] --END-- [ RunTime:0.002588s ]
INFO: [ app_begin ] --START--
INFO: Run Behavior\ReadHtmlCacheBehavior [ RunTime:0.002096s ]
INFO: [ app_begin ] --END-- [ RunTime:0.002194s ]
NOTIC: [8] Undefined index: HTTP_HOST /alidata/www/traffic/Application/Common/Common/function.php 第 60 行.
SQL: SHOW COLUMNS FROM `ts_config` [ RunTime:0.0078s ]
SQL: SELECT `name`,`val` FROM `ts_config`  [ RunTime:0.0003s ]

[ 2016-12-04T08:17:36+08:00 ] 113.108.10.31 /
INFO: [ app_init ] --START--
INFO: Run Behavior\BuildLiteBehavior [ RunTime:0.000019s ]
INFO: [ app_init ] --END-- [ RunTime:0.000355s ]
INFO: [ app_begin ] --START--
INFO: Run Behavior\ReadHtmlCacheBehavior [ RunTime:0.000430s ]
INFO: [ app_begin ] --END-- [ RunTime:0.000485s ]
SQL: SHOW COLUMNS FROM `ts_config` [ RunTime:0.0009s ]
SQL: SELECT `name`,`val` FROM `ts_config`  [ RunTime:0.0003s ]

[ 2016-12-04T08:17:36+08:00 ] 113.108.10.31 /index.php?m=Admin&c=Sign&a=login
INFO: [ app_init ] --START--
INFO: Run Behavior\BuildLiteBehavior [ RunTime:0.000022s ]
INFO: [ app_init ] --END-- [ RunTime:0.000392s ]
INFO: [ app_begin ] --START--
INFO: Run Behavior\ReadHtmlCacheBehavior [ RunTime:0.000473s ]
INFO: [ app_begin ] --END-- [ RunTime:0.000538s ]
SQL: SHOW COLUMNS FROM `ts_config` [ RunTime:0.0009s ]
SQL: SELECT `name`,`val` FROM `ts_config`  [ RunTime:0.0003s ]
INFO: [ view_parse ] --START--
INFO: [ template_filter ] --START--
INFO: Run Behavior\ContentReplaceBehavior [ RunTime:0.000136s ]
INFO: [ template_filter ] --END-- [ RunTime:0.000221s ]
INFO: Run Behavior\ParseTemplateBehavior [ RunTime:0.084854s ]
INFO: [ view_parse ] --END-- [ RunTime:0.084956s ]
INFO: [ view_filter ] --START--
INFO: Run Behavior\WriteHtmlCacheBehavior [ RunTime:0.012857s ]
INFO: [ view_filter ] --END-- [ RunTime:0.012938s ]
INFO: [ app_end ] --START--
INFO: Run Behavior\ShowPageTraceBehavior [ RunTime:0.002411s ]
INFO: [ app_end ] --END-- [ RunTime:0.002466s ]

